2
S1        0.000000 0.012097
S2        0.012097 0.000000
2
S1        0.000000 0.008043
S2        0.008043 0.000000
2
S1        0.000000 0.013114
S2        0.013114 0.000000
2
S1        0.000000 0.016173
S2        0.016173 0.000000
2
S1        0.000000 0.016173
S2        0.016173 0.000000
2
S1        0.000000 0.009054
S2        0.009054 0.000000
2
S1        0.000000 0.011081
S2        0.011081 0.000000
2
S1        0.000000 0.012097
S2        0.012097 0.000000
2
S1        0.000000 0.011081
S2        0.011081 0.000000
2
S1        0.000000 0.012097
S2        0.012097 0.000000
