2
S1        0.000000 0.014132
S2        0.014132 0.000000
2
S1        0.000000 0.015152
S2        0.015152 0.000000
2
S1        0.000000 0.007033
S2        0.007033 0.000000
2
S1        0.000000 0.012097
S2        0.012097 0.000000
2
S1        0.000000 0.005017
S2        0.005017 0.000000
2
S1        0.000000 0.012097
S2        0.012097 0.000000
2
S1        0.000000 0.014132
S2        0.014132 0.000000
2
S1        0.000000 0.011081
S2        0.011081 0.000000
2
S1        0.000000 0.006024
S2        0.006024 0.000000
2
S1        0.000000 0.013114
S2        0.013114 0.000000
